<?xml version="1.0" encoding="UTF-8"?>
<!-- Generated by org.testng.reporters.JUnitReportReporter -->
<testsuite skipped="0" hostname="EPRUPETW6152" name="speller.functional.SpellerTests" tests="3" failures="0" timestamp="01 Aug 2019 19:09:39 GMT" time="2.227" errors="0">
  <testcase name="verifyCorrectSuggestionsForTexts" time="0.270" classname="speller.functional.SpellerTests"/>
  <testcase name="verifyCorrectSuggestionsForText" time="1.728" classname="speller.functional.SpellerTests"/>
  <testcase name="verifyResultAttributes" time="0.229" classname="speller.functional.SpellerTests"/>
</testsuite> <!-- speller.functional.SpellerTests -->
